android/app/build/intermediates/manifest_merge_blame_file/debug/manifest-merger-blame-debug-report.txt
1<?xml version="1.0" encoding="utf-8"?>
2<manifest xmlns:android="http://schemas.android.com/apk/res/android"
3    package="com.sample"
4    android:versionCode="1"
5    android:versionName="1.0" >
6
7    <uses-sdk
8        android:minSdkVersion="21"
9        android:targetSdkVersion="34" />
10
11    <uses-permission android:name="android.permission.INTERNET" />
11-->src\main\AndroidManifest.xml:3:5-67
11-->src\main\AndroidManifest.xml:3:22-64
12    <uses-permission android:name="android.permission.SYSTEM_ALERT_WINDOW" />
12-->src\main\AndroidManifest.xml:4:5-77
12-->src\main\AndroidManifest.xml:4:22-75
13    <uses-permission android:name="android.permission.CAMERA" />
13-->src\main\AndroidManifest.xml:5:1-61
13-->src\main\AndroidManifest.xml:5:18-58
14
15    <uses-feature android:name="android.hardware.camera" />
15-->src\main\AndroidManifest.xml:6:1-56
15-->src\main\AndroidManifest.xml:6:15-53
16    <uses-feature android:name="android.hardware.camera.autofocus" />
16-->src\main\AndroidManifest.xml:7:1-65
16-->src\main\AndroidManifest.xml:7:15-63
17
18    <uses-permission android:name="android.permission.ACCESS_NETWORK_STATE" />
18-->src\main\AndroidManifest.xml:9:1-74
18-->src\main\AndroidManifest.xml:9:18-72
19    <uses-permission android:name="android.permission.MODIFY_AUDIO_SETTINGS" />
19-->src\main\AndroidManifest.xml:10:1-76
19-->src\main\AndroidManifest.xml:10:18-73
20    <uses-permission android:name="android.permission.RECORD_AUDIO" />
20-->src\main\AndroidManifest.xml:11:1-67
20-->src\main\AndroidManifest.xml:11:18-64
21    <uses-permission android:name="android.permission.RECORD_VIDEO" />
21-->src\main\AndroidManifest.xml:12:1-67
21-->src\main\AndroidManifest.xml:12:18-64
22    <uses-permission android:name="android.permission.WAKE_LOCK" />
22-->src\main\AndroidManifest.xml:13:1-64
22-->src\main\AndroidManifest.xml:13:18-61
23    <uses-permission android:name="android.permission.WRITE_EXTERNAL_STORAGE" />
23-->src\main\AndroidManifest.xml:14:1-76
23-->src\main\AndroidManifest.xml:14:18-74
24    <uses-permission android:name="android.permission.ACCESS_WIFI_STATE" />
24-->[com.facebook.flipper:flipper:0.201.0] AndroidManifest.xml:14:5-76
24-->[com.facebook.flipper:flipper:0.201.0] AndroidManifest.xml:14:22-73
25
26    <queries>
26-->[androidx.camera:camera-extensions:1.4.0-beta02] AndroidManifest.xml:22:5-26:15
27        <intent>
27-->[androidx.camera:camera-extensions:1.4.0-beta02] AndroidManifest.xml:23:9-25:18
28            <action android:name="androidx.camera.extensions.action.VENDOR_ACTION" />
28-->[androidx.camera:camera-extensions:1.4.0-beta02] AndroidManifest.xml:24:13-86
28-->[androidx.camera:camera-extensions:1.4.0-beta02] AndroidManifest.xml:24:21-83
29        </intent>
30    </queries>
31
32    <permission
32-->[androidx.core:core:1.13.0] AndroidManifest.xml:22:5-24:47
33        android:name="com.sample.DYNAMIC_RECEIVER_NOT_EXPORTED_PERMISSION"
33-->[androidx.core:core:1.13.0] AndroidManifest.xml:23:9-81
34        android:protectionLevel="signature" />
34-->[androidx.core:core:1.13.0] AndroidManifest.xml:24:9-44
35
36    <uses-permission android:name="com.sample.DYNAMIC_RECEIVER_NOT_EXPORTED_PERMISSION" />
36-->[androidx.core:core:1.13.0] AndroidManifest.xml:26:5-97
36-->[androidx.core:core:1.13.0] AndroidManifest.xml:26:22-94
37    <uses-permission android:name="android.permission.READ_PHONE_STATE" />
38    <uses-permission android:name="android.permission.READ_EXTERNAL_STORAGE" />
39
40    <application
40-->src\main\AndroidManifest.xml:16:5-36:19
41        android:name="com.sample.MainApplication"
41-->src\main\AndroidManifest.xml:17:7-38
42        android:allowBackup="false"
42-->src\main\AndroidManifest.xml:21:7-34
43        android:appComponentFactory="androidx.core.app.CoreComponentFactory"
43-->[androidx.core:core:1.13.0] AndroidManifest.xml:28:18-86
44        android:debuggable="true"
45        android:extractNativeLibs="true"
46        android:icon="@mipmap/ic_launcher"
46-->src\main\AndroidManifest.xml:19:7-41
47        android:label="@string/app_name"
47-->src\main\AndroidManifest.xml:18:7-39
48        android:roundIcon="@mipmap/ic_launcher_round"
48-->src\main\AndroidManifest.xml:20:7-52
49        android:theme="@style/AppTheme"
49-->src\main\AndroidManifest.xml:22:7-38
50        android:usesCleartextTraffic="true" >
50-->src\debug\AndroidManifest.xml:6:9-44
51        <activity
51-->src\main\AndroidManifest.xml:23:7-34:18
52            android:name="com.sample.MainActivity"
52-->src\main\AndroidManifest.xml:24:9-37
53            android:configChanges="keyboard|keyboardHidden|orientation|screenLayout|screenSize|smallestScreenSize|uiMode"
53-->src\main\AndroidManifest.xml:26:9-118
54            android:exported="true"
54-->src\main\AndroidManifest.xml:29:9-32
55            android:label="@string/app_name"
55-->src\main\AndroidManifest.xml:25:9-41
56            android:launchMode="singleTask"
56-->src\main\AndroidManifest.xml:27:9-40
57            android:windowSoftInputMode="adjustResize" >
57-->src\main\AndroidManifest.xml:28:9-51
58            <intent-filter>
58-->src\main\AndroidManifest.xml:30:9-33:25
59                <action android:name="android.intent.action.MAIN" />
59-->src\main\AndroidManifest.xml:31:13-65
59-->src\main\AndroidManifest.xml:31:21-62
60
61                <category android:name="android.intent.category.LAUNCHER" />
61-->src\main\AndroidManifest.xml:32:13-73
61-->src\main\AndroidManifest.xml:32:23-70
62            </intent-filter>
63        </activity>
64        <activity android:name="com.sample.YoloModule" />
64-->src\main\AndroidManifest.xml:35:8-47
64-->src\main\AndroidManifest.xml:35:18-44
65        <activity
65-->[com.facebook.react:react-android:0.73.8] AndroidManifest.xml:19:9-21:40
66            android:name="com.facebook.react.devsupport.DevSettingsActivity"
66-->[com.facebook.react:react-android:0.73.8] AndroidManifest.xml:20:13-77
67            android:exported="false" />
67-->[com.facebook.react:react-android:0.73.8] AndroidManifest.xml:21:13-37
68
69        <uses-library
69-->[androidx.camera:camera-extensions:1.4.0-beta02] AndroidManifest.xml:29:9-31:40
70            android:name="androidx.camera.extensions.impl"
70-->[androidx.camera:camera-extensions:1.4.0-beta02] AndroidManifest.xml:30:13-59
71            android:required="false" />
71-->[androidx.camera:camera-extensions:1.4.0-beta02] AndroidManifest.xml:31:13-37
72
73        <service
73-->[androidx.camera:camera-camera2:1.4.0-beta02] AndroidManifest.xml:24:9-33:19
74            android:name="androidx.camera.core.impl.MetadataHolderService"
74-->[androidx.camera:camera-camera2:1.4.0-beta02] AndroidManifest.xml:25:13-75
75            android:enabled="false"
75-->[androidx.camera:camera-camera2:1.4.0-beta02] AndroidManifest.xml:26:13-36
76            android:exported="false" >
76-->[androidx.camera:camera-camera2:1.4.0-beta02] AndroidManifest.xml:27:13-37
77            <meta-data
77-->[androidx.camera:camera-camera2:1.4.0-beta02] AndroidManifest.xml:30:13-32:89
78                android:name="androidx.camera.core.impl.MetadataHolderService.DEFAULT_CONFIG_PROVIDER"
78-->[androidx.camera:camera-camera2:1.4.0-beta02] AndroidManifest.xml:31:17-103
79                android:value="androidx.camera.camera2.Camera2Config$DefaultProvider" />
79-->[androidx.camera:camera-camera2:1.4.0-beta02] AndroidManifest.xml:32:17-86
80        </service>
81
82        <provider
82-->[androidx.emoji2:emoji2:1.2.0] AndroidManifest.xml:24:9-32:20
83            android:name="androidx.startup.InitializationProvider"
83-->[androidx.emoji2:emoji2:1.2.0] AndroidManifest.xml:25:13-67
84            android:authorities="com.sample.androidx-startup"
84-->[androidx.emoji2:emoji2:1.2.0] AndroidManifest.xml:26:13-68
85            android:exported="false" >
85-->[androidx.emoji2:emoji2:1.2.0] AndroidManifest.xml:27:13-37
86            <meta-data
86-->[androidx.emoji2:emoji2:1.2.0] AndroidManifest.xml:29:13-31:52
87                android:name="androidx.emoji2.text.EmojiCompatInitializer"
87-->[androidx.emoji2:emoji2:1.2.0] AndroidManifest.xml:30:17-75
88                android:value="androidx.startup" />
88-->[androidx.emoji2:emoji2:1.2.0] AndroidManifest.xml:31:17-49
89            <meta-data
89-->[androidx.lifecycle:lifecycle-process:2.6.2] AndroidManifest.xml:29:13-31:52
90                android:name="androidx.lifecycle.ProcessLifecycleInitializer"
90-->[androidx.lifecycle:lifecycle-process:2.6.2] AndroidManifest.xml:30:17-78
91                android:value="androidx.startup" />
91-->[androidx.lifecycle:lifecycle-process:2.6.2] AndroidManifest.xml:31:17-49
92            <meta-data
92-->[androidx.profileinstaller:profileinstaller:1.3.0] AndroidManifest.xml:29:13-31:52
93                android:name="androidx.profileinstaller.ProfileInstallerInitializer"
93-->[androidx.profileinstaller:profileinstaller:1.3.0] AndroidManifest.xml:30:17-85
94                android:value="androidx.startup" />
94-->[androidx.profileinstaller:profileinstaller:1.3.0] AndroidManifest.xml:31:17-49
95        </provider>
96
97        <service
97-->[com.google.android.gms:play-services-mlkit-barcode-scanning:18.3.0] AndroidManifest.xml:9:9-15:19
98            android:name="com.google.mlkit.common.internal.MlKitComponentDiscoveryService"
98-->[com.google.android.gms:play-services-mlkit-barcode-scanning:18.3.0] AndroidManifest.xml:10:13-91
99            android:directBootAware="true"
99-->[com.google.mlkit:common:18.9.0] AndroidManifest.xml:17:13-43
100            android:exported="false" >
100-->[com.google.android.gms:play-services-mlkit-barcode-scanning:18.3.0] AndroidManifest.xml:11:13-37
101            <meta-data
101-->[com.google.android.gms:play-services-mlkit-barcode-scanning:18.3.0] AndroidManifest.xml:12:13-14:85
102                android:name="com.google.firebase.components:com.google.mlkit.vision.barcode.internal.BarcodeRegistrar"
102-->[com.google.android.gms:play-services-mlkit-barcode-scanning:18.3.0] AndroidManifest.xml:13:17-120
103                android:value="com.google.firebase.components.ComponentRegistrar" />
103-->[com.google.android.gms:play-services-mlkit-barcode-scanning:18.3.0] AndroidManifest.xml:14:17-82
104            <meta-data
104-->[com.google.mlkit:vision-common:17.3.0] AndroidManifest.xml:12:13-14:85
105                android:name="com.google.firebase.components:com.google.mlkit.vision.common.internal.VisionCommonRegistrar"
105-->[com.google.mlkit:vision-common:17.3.0] AndroidManifest.xml:13:17-124
106                android:value="com.google.firebase.components.ComponentRegistrar" />
106-->[com.google.mlkit:vision-common:17.3.0] AndroidManifest.xml:14:17-82
107            <meta-data
107-->[com.google.mlkit:common:18.9.0] AndroidManifest.xml:20:13-22:85
108                android:name="com.google.firebase.components:com.google.mlkit.common.internal.CommonComponentRegistrar"
108-->[com.google.mlkit:common:18.9.0] AndroidManifest.xml:21:17-120
109                android:value="com.google.firebase.components.ComponentRegistrar" />
109-->[com.google.mlkit:common:18.9.0] AndroidManifest.xml:22:17-82
110        </service>
111
112        <provider
112-->[com.google.mlkit:common:18.9.0] AndroidManifest.xml:9:9-13:38
113            android:name="com.google.mlkit.common.internal.MlKitInitProvider"
113-->[com.google.mlkit:common:18.9.0] AndroidManifest.xml:10:13-78
114            android:authorities="com.sample.mlkitinitprovider"
114-->[com.google.mlkit:common:18.9.0] AndroidManifest.xml:11:13-69
115            android:exported="false"
115-->[com.google.mlkit:common:18.9.0] AndroidManifest.xml:12:13-37
116            android:initOrder="99" />
116-->[com.google.mlkit:common:18.9.0] AndroidManifest.xml:13:13-35
117
118        <activity
118-->[com.google.android.gms:play-services-base:18.1.0] AndroidManifest.xml:20:9-22:45
119            android:name="com.google.android.gms.common.api.GoogleApiActivity"
119-->[com.google.android.gms:play-services-base:18.1.0] AndroidManifest.xml:20:19-85
120            android:exported="false"
120-->[com.google.android.gms:play-services-base:18.1.0] AndroidManifest.xml:22:19-43
121            android:theme="@android:style/Theme.Translucent.NoTitleBar" />
121-->[com.google.android.gms:play-services-base:18.1.0] AndroidManifest.xml:21:19-78
122
123        <meta-data
123-->[com.google.android.gms:play-services-basement:18.1.0] AndroidManifest.xml:21:9-23:69
124            android:name="com.google.android.gms.version"
124-->[com.google.android.gms:play-services-basement:18.1.0] AndroidManifest.xml:22:13-58
125            android:value="@integer/google_play_services_version" />
125-->[com.google.android.gms:play-services-basement:18.1.0] AndroidManifest.xml:23:13-66
126
127        <receiver
127-->[androidx.profileinstaller:profileinstaller:1.3.0] AndroidManifest.xml:34:9-52:20
128            android:name="androidx.profileinstaller.ProfileInstallReceiver"
128-->[androidx.profileinstaller:profileinstaller:1.3.0] AndroidManifest.xml:35:13-76
129            android:directBootAware="false"
129-->[androidx.profileinstaller:profileinstaller:1.3.0] AndroidManifest.xml:36:13-44
130            android:enabled="true"
130-->[androidx.profileinstaller:profileinstaller:1.3.0] AndroidManifest.xml:37:13-35
131            android:exported="true"
131-->[androidx.profileinstaller:profileinstaller:1.3.0] AndroidManifest.xml:38:13-36
132            android:permission="android.permission.DUMP" >
132-->[androidx.profileinstaller:profileinstaller:1.3.0] AndroidManifest.xml:39:13-57
133            <intent-filter>
133-->[androidx.profileinstaller:profileinstaller:1.3.0] AndroidManifest.xml:40:13-42:29
134                <action android:name="androidx.profileinstaller.action.INSTALL_PROFILE" />
134-->[androidx.profileinstaller:profileinstaller:1.3.0] AndroidManifest.xml:41:17-91
134-->[androidx.profileinstaller:profileinstaller:1.3.0] AndroidManifest.xml:41:25-88
135            </intent-filter>
136            <intent-filter>
136-->[androidx.profileinstaller:profileinstaller:1.3.0] AndroidManifest.xml:43:13-45:29
137                <action android:name="androidx.profileinstaller.action.SKIP_FILE" />
137-->[androidx.profileinstaller:profileinstaller:1.3.0] AndroidManifest.xml:44:17-85
137-->[androidx.profileinstaller:profileinstaller:1.3.0] AndroidManifest.xml:44:25-82
138            </intent-filter>
139            <intent-filter>
139-->[androidx.profileinstaller:profileinstaller:1.3.0] AndroidManifest.xml:46:13-48:29
140                <action android:name="androidx.profileinstaller.action.SAVE_PROFILE" />
140-->[androidx.profileinstaller:profileinstaller:1.3.0] AndroidManifest.xml:47:17-88
140-->[androidx.profileinstaller:profileinstaller:1.3.0] AndroidManifest.xml:47:25-85
141            </intent-filter>
142            <intent-filter>
142-->[androidx.profileinstaller:profileinstaller:1.3.0] AndroidManifest.xml:49:13-51:29
143                <action android:name="androidx.profileinstaller.action.BENCHMARK_OPERATION" />
143-->[androidx.profileinstaller:profileinstaller:1.3.0] AndroidManifest.xml:50:17-95
143-->[androidx.profileinstaller:profileinstaller:1.3.0] AndroidManifest.xml:50:25-92
144            </intent-filter>
145        </receiver>
146
147        <service
147-->[com.google.android.datatransport:transport-backend-cct:2.3.3] AndroidManifest.xml:29:9-35:19
148            android:name="com.google.android.datatransport.runtime.backends.TransportBackendDiscovery"
148-->[com.google.android.datatransport:transport-backend-cct:2.3.3] AndroidManifest.xml:30:13-103
149            android:exported="false" >
149-->[com.google.android.datatransport:transport-backend-cct:2.3.3] AndroidManifest.xml:31:13-37
150            <meta-data
150-->[com.google.android.datatransport:transport-backend-cct:2.3.3] AndroidManifest.xml:32:13-34:39
151                android:name="backend:com.google.android.datatransport.cct.CctBackendFactory"
151-->[com.google.android.datatransport:transport-backend-cct:2.3.3] AndroidManifest.xml:33:17-94
152                android:value="cct" />
152-->[com.google.android.datatransport:transport-backend-cct:2.3.3] AndroidManifest.xml:34:17-36
153        </service>
154        <service
154-->[com.google.android.datatransport:transport-runtime:2.2.6] AndroidManifest.xml:26:9-30:19
155            android:name="com.google.android.datatransport.runtime.scheduling.jobscheduling.JobInfoSchedulerService"
155-->[com.google.android.datatransport:transport-runtime:2.2.6] AndroidManifest.xml:27:13-117
156            android:exported="false"
156-->[com.google.android.datatransport:transport-runtime:2.2.6] AndroidManifest.xml:28:13-37
157            android:permission="android.permission.BIND_JOB_SERVICE" >
157-->[com.google.android.datatransport:transport-runtime:2.2.6] AndroidManifest.xml:29:13-69
158        </service>
159
160        <receiver
160-->[com.google.android.datatransport:transport-runtime:2.2.6] AndroidManifest.xml:32:9-34:40
161            android:name="com.google.android.datatransport.runtime.scheduling.jobscheduling.AlarmManagerSchedulerBroadcastReceiver"
161-->[com.google.android.datatransport:transport-runtime:2.2.6] AndroidManifest.xml:33:13-132
162            android:exported="false" />
162-->[com.google.android.datatransport:transport-runtime:2.2.6] AndroidManifest.xml:34:13-37
163        <!--
164 Applications that target Android S+ require explicit declaration of
165             any referenced vendor-provided libraries.
166        -->
167        <uses-native-library
167-->[org.tensorflow:tensorflow-lite-gpu-api:2.16.1] AndroidManifest.xml:8:9-10:40
168            android:name="libOpenCL.so"
168-->[org.tensorflow:tensorflow-lite-gpu-api:2.16.1] AndroidManifest.xml:9:13-40
169            android:required="false" />
169-->[org.tensorflow:tensorflow-lite-gpu-api:2.16.1] AndroidManifest.xml:10:13-37
170        <uses-native-library
170-->[org.tensorflow:tensorflow-lite-gpu-api:2.16.1] AndroidManifest.xml:8:9-10:40
171            android:name="libOpenCL-car.so"
171-->[org.tensorflow:tensorflow-lite-gpu-api:2.16.1] AndroidManifest.xml:9:13-40
172            android:required="false" />
172-->[org.tensorflow:tensorflow-lite-gpu-api:2.16.1] AndroidManifest.xml:10:13-37
173        <uses-native-library
173-->[org.tensorflow:tensorflow-lite-gpu-api:2.16.1] AndroidManifest.xml:8:9-10:40
174            android:name="libOpenCL-pixel.so"
174-->[org.tensorflow:tensorflow-lite-gpu-api:2.16.1] AndroidManifest.xml:9:13-40
175            android:required="false" />
175-->[org.tensorflow:tensorflow-lite-gpu-api:2.16.1] AndroidManifest.xml:10:13-37
176
177        <meta-data
177-->[com.facebook.soloader:soloader:0.10.5] AndroidManifest.xml:12:9-14:37
178            android:name="com.facebook.soloader.enabled"
178-->[com.facebook.soloader:soloader:0.10.5] AndroidManifest.xml:13:13-57
179            android:value="false" />
179-->[com.facebook.soloader:soloader:0.10.5] AndroidManifest.xml:14:13-34
180    </application>
181
182</manifest>